[2020-10-08 18:43:10,136][INFO ][node                     ] [Mad Dog Rassitano] version[2.4.1], pid[10978], build[c67dc32/2016-09-27T18:57:55Z]
[2020-10-08 18:43:10,137][INFO ][node                     ] [Mad Dog Rassitano] initializing ...
[2020-10-08 18:43:10,891][INFO ][plugins                  ] [Mad Dog Rassitano] modules [reindex, lang-expression, lang-groovy], plugins [head], sites [head]
[2020-10-08 18:43:10,917][INFO ][env                      ] [Mad Dog Rassitano] using [1] data paths, mounts [[/media/sasa/Data (/dev/sda10)]], net usable_space [19.1gb], net total_space [95.2gb], spins? [no], types [ext4]
[2020-10-08 18:43:10,917][INFO ][env                      ] [Mad Dog Rassitano] heap size [989.8mb], compressed ordinary object pointers [true]
[2020-10-08 18:43:10,917][WARN ][env                      ] [Mad Dog Rassitano] max file descriptors [4096] for elasticsearch process likely too low, consider increasing to at least [65536]
[2020-10-08 18:43:13,682][INFO ][node                     ] [Mad Dog Rassitano] initialized
[2020-10-08 18:43:13,682][INFO ][node                     ] [Mad Dog Rassitano] starting ...
[2020-10-08 18:43:13,824][INFO ][transport                ] [Mad Dog Rassitano] publish_address {127.0.0.1:9300}, bound_addresses {127.0.0.1:9300}
[2020-10-08 18:43:13,844][INFO ][discovery                ] [Mad Dog Rassitano] protonet_development/aKBJU_dTR-qmbWPPebegdg
[2020-10-08 18:43:16,877][INFO ][cluster.service          ] [Mad Dog Rassitano] new_master {Mad Dog Rassitano}{aKBJU_dTR-qmbWPPebegdg}{127.0.0.1}{127.0.0.1:9300}, reason: zen-disco-join(elected_as_master, [0] joins received)
[2020-10-08 18:43:16,899][INFO ][http                     ] [Mad Dog Rassitano] publish_address {127.0.0.1:9200}, bound_addresses {127.0.0.1:9200}
[2020-10-08 18:43:16,899][INFO ][node                     ] [Mad Dog Rassitano] started
[2020-10-08 18:43:16,945][INFO ][gateway                  ] [Mad Dog Rassitano] recovered [0] indices into cluster_state
[2020-10-08 19:13:41,187][DEBUG][action.admin.indices.create] [Mad Dog Rassitano] [listings_development_20201008191341035] failed to create
MapperParsingException[Failed to parse mapping [listing]: No handler for type [keyword] declared on field [title]]; nested: MapperParsingException[No handler for type [keyword] declared on field [title]];
	at org.elasticsearch.index.mapper.MapperService.merge(MapperService.java:291)
	at org.elasticsearch.cluster.metadata.MetaDataCreateIndexService$1.execute(MetaDataCreateIndexService.java:317)
	at org.elasticsearch.cluster.ClusterStateUpdateTask.execute(ClusterStateUpdateTask.java:45)
	at org.elasticsearch.cluster.service.InternalClusterService.runTasksForExecutor(InternalClusterService.java:468)
	at org.elasticsearch.cluster.service.InternalClusterService$UpdateTask.run(InternalClusterService.java:772)
	at org.elasticsearch.common.util.concurrent.PrioritizedEsThreadPoolExecutor$TieBreakingPrioritizedRunnable.runAndClean(PrioritizedEsThreadPoolExecutor.java:231)
	at org.elasticsearch.common.util.concurrent.PrioritizedEsThreadPoolExecutor$TieBreakingPrioritizedRunnable.run(PrioritizedEsThreadPoolExecutor.java:194)
	at java.util.concurrent.ThreadPoolExecutor.runWorker(ThreadPoolExecutor.java:1149)
	at java.util.concurrent.ThreadPoolExecutor$Worker.run(ThreadPoolExecutor.java:624)
	at java.lang.Thread.run(Thread.java:748)
Caused by: MapperParsingException[No handler for type [keyword] declared on field [title]]
	at org.elasticsearch.index.mapper.object.ObjectMapper$TypeParser.parseProperties(ObjectMapper.java:307)
	at org.elasticsearch.index.mapper.object.ObjectMapper$TypeParser.parseObjectOrDocumentTypeProperties(ObjectMapper.java:222)
	at org.elasticsearch.index.mapper.object.RootObjectMapper$TypeParser.parse(RootObjectMapper.java:139)
	at org.elasticsearch.index.mapper.DocumentMapperParser.parse(DocumentMapperParser.java:118)
	at org.elasticsearch.index.mapper.DocumentMapperParser.parse(DocumentMapperParser.java:99)
	at org.elasticsearch.index.mapper.MapperService.parse(MapperService.java:549)
	at org.elasticsearch.index.mapper.MapperService.merge(MapperService.java:319)
	at org.elasticsearch.index.mapper.MapperService.merge(MapperService.java:289)
	... 9 more
[2020-10-08 19:14:14,408][INFO ][node                     ] [Mad Dog Rassitano] stopping ...
[2020-10-08 19:14:14,424][INFO ][node                     ] [Mad Dog Rassitano] stopped
[2020-10-08 19:14:14,424][INFO ][node                     ] [Mad Dog Rassitano] closing ...
[2020-10-08 19:14:14,427][INFO ][node                     ] [Mad Dog Rassitano] closed
[2020-10-08 19:31:46,394][INFO ][node                     ] [Sphinx] version[2.4.1], pid[24693], build[c67dc32/2016-09-27T18:57:55Z]
[2020-10-08 19:31:46,395][INFO ][node                     ] [Sphinx] initializing ...
[2020-10-08 19:31:46,798][INFO ][plugins                  ] [Sphinx] modules [reindex, lang-expression, lang-groovy], plugins [head], sites [head]
[2020-10-08 19:31:46,812][INFO ][env                      ] [Sphinx] using [1] data paths, mounts [[/media/sasa/Data (/dev/sda10)]], net usable_space [19.1gb], net total_space [95.2gb], spins? [no], types [ext4]
[2020-10-08 19:31:46,812][INFO ][env                      ] [Sphinx] heap size [989.8mb], compressed ordinary object pointers [true]
[2020-10-08 19:31:46,812][WARN ][env                      ] [Sphinx] max file descriptors [4096] for elasticsearch process likely too low, consider increasing to at least [65536]
[2020-10-08 19:31:48,001][INFO ][node                     ] [Sphinx] initialized
[2020-10-08 19:31:48,001][INFO ][node                     ] [Sphinx] starting ...
[2020-10-08 19:31:48,060][INFO ][transport                ] [Sphinx] publish_address {127.0.0.1:9300}, bound_addresses {127.0.0.1:9300}
[2020-10-08 19:31:48,063][INFO ][discovery                ] [Sphinx] protonet_development/RGHYKU40QNu0Tl_whQdhDQ
[2020-10-08 19:31:51,098][INFO ][cluster.service          ] [Sphinx] new_master {Sphinx}{RGHYKU40QNu0Tl_whQdhDQ}{127.0.0.1}{127.0.0.1:9300}, reason: zen-disco-join(elected_as_master, [0] joins received)
[2020-10-08 19:31:51,137][INFO ][http                     ] [Sphinx] publish_address {127.0.0.1:9200}, bound_addresses {127.0.0.1:9200}
[2020-10-08 19:31:51,137][INFO ][node                     ] [Sphinx] started
[2020-10-08 19:31:51,159][INFO ][gateway                  ] [Sphinx] recovered [0] indices into cluster_state
[2020-10-08 19:32:50,158][INFO ][node                     ] [Sphinx] stopping ...
[2020-10-08 19:32:50,178][INFO ][node                     ] [Sphinx] stopped
[2020-10-08 19:32:50,178][INFO ][node                     ] [Sphinx] closing ...
[2020-10-08 19:32:50,182][INFO ][node                     ] [Sphinx] closed
[2020-10-08 19:32:51,391][INFO ][node                     ] [Senor Muerte] version[2.4.1], pid[24938], build[c67dc32/2016-09-27T18:57:55Z]
[2020-10-08 19:32:51,392][INFO ][node                     ] [Senor Muerte] initializing ...
[2020-10-08 19:32:51,795][INFO ][plugins                  ] [Senor Muerte] modules [reindex, lang-expression, lang-groovy], plugins [head], sites [head]
[2020-10-08 19:32:51,810][INFO ][env                      ] [Senor Muerte] using [1] data paths, mounts [[/media/sasa/Data (/dev/sda10)]], net usable_space [19.1gb], net total_space [95.2gb], spins? [no], types [ext4]
[2020-10-08 19:32:51,810][INFO ][env                      ] [Senor Muerte] heap size [989.8mb], compressed ordinary object pointers [true]
[2020-10-08 19:32:51,810][WARN ][env                      ] [Senor Muerte] max file descriptors [4096] for elasticsearch process likely too low, consider increasing to at least [65536]
[2020-10-08 19:32:52,950][INFO ][node                     ] [Senor Muerte] initialized
[2020-10-08 19:32:52,951][INFO ][node                     ] [Senor Muerte] starting ...
[2020-10-08 19:32:53,032][INFO ][transport                ] [Senor Muerte] publish_address {127.0.0.1:9300}, bound_addresses {127.0.0.1:9300}
[2020-10-08 19:32:53,036][INFO ][discovery                ] [Senor Muerte] protonet_development/WlQD5U-aRhaZ55lxtrA0vA
[2020-10-08 19:32:56,074][INFO ][cluster.service          ] [Senor Muerte] new_master {Senor Muerte}{WlQD5U-aRhaZ55lxtrA0vA}{127.0.0.1}{127.0.0.1:9300}, reason: zen-disco-join(elected_as_master, [0] joins received)
[2020-10-08 19:32:56,104][INFO ][http                     ] [Senor Muerte] publish_address {127.0.0.1:9200}, bound_addresses {127.0.0.1:9200}
[2020-10-08 19:32:56,104][INFO ][node                     ] [Senor Muerte] started
[2020-10-08 19:32:56,130][INFO ][gateway                  ] [Senor Muerte] recovered [0] indices into cluster_state
[2020-10-08 19:34:45,088][DEBUG][action.admin.indices.create] [Senor Muerte] [listings_development_20201008193444963] failed to create
MapperParsingException[Failed to parse mapping [listing]: No handler for type [keyword] declared on field [title]]; nested: MapperParsingException[No handler for type [keyword] declared on field [title]];
	at org.elasticsearch.index.mapper.MapperService.merge(MapperService.java:291)
	at org.elasticsearch.cluster.metadata.MetaDataCreateIndexService$1.execute(MetaDataCreateIndexService.java:317)
	at org.elasticsearch.cluster.ClusterStateUpdateTask.execute(ClusterStateUpdateTask.java:45)
	at org.elasticsearch.cluster.service.InternalClusterService.runTasksForExecutor(InternalClusterService.java:468)
	at org.elasticsearch.cluster.service.InternalClusterService$UpdateTask.run(InternalClusterService.java:772)
	at org.elasticsearch.common.util.concurrent.PrioritizedEsThreadPoolExecutor$TieBreakingPrioritizedRunnable.runAndClean(PrioritizedEsThreadPoolExecutor.java:231)
	at org.elasticsearch.common.util.concurrent.PrioritizedEsThreadPoolExecutor$TieBreakingPrioritizedRunnable.run(PrioritizedEsThreadPoolExecutor.java:194)
	at java.util.concurrent.ThreadPoolExecutor.runWorker(ThreadPoolExecutor.java:1149)
	at java.util.concurrent.ThreadPoolExecutor$Worker.run(ThreadPoolExecutor.java:624)
	at java.lang.Thread.run(Thread.java:748)
Caused by: MapperParsingException[No handler for type [keyword] declared on field [title]]
	at org.elasticsearch.index.mapper.object.ObjectMapper$TypeParser.parseProperties(ObjectMapper.java:307)
	at org.elasticsearch.index.mapper.object.ObjectMapper$TypeParser.parseObjectOrDocumentTypeProperties(ObjectMapper.java:222)
	at org.elasticsearch.index.mapper.object.RootObjectMapper$TypeParser.parse(RootObjectMapper.java:139)
	at org.elasticsearch.index.mapper.DocumentMapperParser.parse(DocumentMapperParser.java:118)
	at org.elasticsearch.index.mapper.DocumentMapperParser.parse(DocumentMapperParser.java:99)
	at org.elasticsearch.index.mapper.MapperService.parse(MapperService.java:549)
	at org.elasticsearch.index.mapper.MapperService.merge(MapperService.java:319)
	at org.elasticsearch.index.mapper.MapperService.merge(MapperService.java:289)
	... 9 more
[2020-10-08 19:36:51,617][INFO ][node                     ] [Senor Muerte] stopping ...
[2020-10-08 19:36:51,637][INFO ][node                     ] [Senor Muerte] stopped
[2020-10-08 19:36:51,637][INFO ][node                     ] [Senor Muerte] closing ...
[2020-10-08 19:36:51,640][INFO ][node                     ] [Senor Muerte] closed
